[2026-07-20T14:39:10.646+0000] {local_task_job_runner.py:120} INFO - ::group::Pre task execution logs
[2026-07-20T14:39:10.691+0000] {taskinstance.py:2076} INFO - Dependencies all met for dep_context=non-requeueable deps ti=<TaskInstance: weather_delay_risk_pipeline.transform_flights scheduled__2026-07-19T06:00:00+00:00 [queued]>
[2026-07-20T14:39:10.704+0000] {taskinstance.py:2076} INFO - Dependencies all met for dep_context=requeueable deps ti=<TaskInstance: weather_delay_risk_pipeline.transform_flights scheduled__2026-07-19T06:00:00+00:00 [queued]>
[2026-07-20T14:39:10.705+0000] {taskinstance.py:2306} INFO - Starting attempt 1 of 3
[2026-07-20T14:39:10.724+0000] {taskinstance.py:2330} INFO - Executing <Task(PythonOperator): transform_flights> on 2026-07-19 06:00:00+00:00
[2026-07-20T14:39:10.746+0000] {standard_task_runner.py:90} INFO - Running: ['***', 'tasks', 'run', 'weather_delay_risk_pipeline', 'transform_flights', 'scheduled__2026-07-19T06:00:00+00:00', '--job-id', '5', '--raw', '--subdir', 'DAGS_FOLDER/pipeline_dag.py', '--cfg-path', '/tmp/tmpgj7yphzh']
[2026-07-20T14:39:10.753+0000] {standard_task_runner.py:91} INFO - Job 5: Subtask transform_flights
[2026-07-20T14:39:10.754+0000] {logging_mixin.py:188} WARNING - /home/***/.local/lib/python3.12/site-packages/***/task/task_runner/standard_task_runner.py:61 DeprecationWarning: This process (pid=217) is multi-threaded, use of fork() may lead to deadlocks in the child.
[2026-07-20T14:39:10.755+0000] {standard_task_runner.py:63} INFO - Started process 221 to run task
[2026-07-20T14:39:10.895+0000] {task_command.py:426} INFO - Running <TaskInstance: weather_delay_risk_pipeline.transform_flights scheduled__2026-07-19T06:00:00+00:00 [running]> on host 77ea538c3414
[2026-07-20T14:39:11.169+0000] {taskinstance.py:2648} INFO - Exporting env vars: AIRFLOW_CTX_DAG_OWNER='taha' AIRFLOW_CTX_DAG_ID='weather_delay_risk_pipeline' AIRFLOW_CTX_TASK_ID='transform_flights' AIRFLOW_CTX_EXECUTION_DATE='2026-07-19T06:00:00+00:00' AIRFLOW_CTX_TRY_NUMBER='1' AIRFLOW_CTX_DAG_RUN_ID='scheduled__2026-07-19T06:00:00+00:00'
[2026-07-20T14:39:11.171+0000] {taskinstance.py:430} INFO - ::endgroup::
[2026-07-20T14:39:12.045+0000] {logging_mixin.py:188} INFO - 🔄 Transforming flight data...
[2026-07-20T14:39:36.409+0000] {logging_mixin.py:188} WARNING - /opt/***/transformation/clean_flights.py:7 UserWarning: Could not infer format, so each element will be parsed individually, falling back to `dateutil`. To ensure parsing is consistent and as-expected, please specify a format.
[2026-07-20T14:39:36.441+0000] {logging_mixin.py:188} INFO -    raw/bts/April_2026.csv: 109485 rows
[2026-07-20T14:39:54.222+0000] {logging_mixin.py:188} WARNING - /opt/***/transformation/clean_flights.py:7 UserWarning: Could not infer format, so each element will be parsed individually, falling back to `dateutil`. To ensure parsing is consistent and as-expected, please specify a format.
[2026-07-20T14:39:54.240+0000] {logging_mixin.py:188} INFO -    raw/bts/March_2026.csv: 108530 rows
[2026-07-20T14:40:12.939+0000] {logging_mixin.py:188} WARNING - /opt/***/transformation/clean_flights.py:7 UserWarning: Could not infer format, so each element will be parsed individually, falling back to `dateutil`. To ensure parsing is consistent and as-expected, please specify a format.
[2026-07-20T14:40:12.993+0000] {logging_mixin.py:188} INFO -    raw/bts/May_2026.csv: 113539 rows
[2026-07-20T14:40:17.583+0000] {logging_mixin.py:188} INFO - ✅ Flights transformed: 331554 rows
[2026-07-20T14:40:17.619+0000] {python.py:237} INFO - Done. Returned value was: None
[2026-07-20T14:40:17.627+0000] {taskinstance.py:441} INFO - ::group::Post task execution logs
[2026-07-20T14:40:17.700+0000] {taskinstance.py:1206} INFO - Marking task as SUCCESS. dag_id=weather_delay_risk_pipeline, task_id=transform_flights, run_id=scheduled__2026-07-19T06:00:00+00:00, execution_date=20260719T060000, start_date=20260720T143910, end_date=20260720T144017
[2026-07-20T14:40:18.113+0000] {local_task_job_runner.py:240} INFO - Task exited with return code 0
[2026-07-20T14:40:18.190+0000] {taskinstance.py:3498} INFO - 0 downstream tasks scheduled from follow-on schedule check
[2026-07-20T14:40:18.196+0000] {local_task_job_runner.py:222} INFO - ::endgroup::
