[2026-07-21T13:40:43.531+0000] {local_task_job_runner.py:120} INFO - ::group::Pre task execution logs
[2026-07-21T13:40:43.608+0000] {taskinstance.py:2076} INFO - Dependencies all met for dep_context=non-requeueable deps ti=<TaskInstance: weather_delay_risk_pipeline.transform_weather scheduled__2026-07-20T06:00:00+00:00 [queued]>
[2026-07-21T13:40:43.618+0000] {taskinstance.py:2076} INFO - Dependencies all met for dep_context=requeueable deps ti=<TaskInstance: weather_delay_risk_pipeline.transform_weather scheduled__2026-07-20T06:00:00+00:00 [queued]>
[2026-07-21T13:40:43.649+0000] {taskinstance.py:2306} INFO - Starting attempt 1 of 3
[2026-07-21T13:40:43.757+0000] {taskinstance.py:2330} INFO - Executing <Task(PythonOperator): transform_weather> on 2026-07-20 06:00:00+00:00
[2026-07-21T13:40:43.811+0000] {standard_task_runner.py:90} INFO - Running: ['***', 'tasks', 'run', 'weather_delay_risk_pipeline', 'transform_weather', 'scheduled__2026-07-20T06:00:00+00:00', '--job-id', '12', '--raw', '--subdir', 'DAGS_FOLDER/pipeline_dag.py', '--cfg-path', '/tmp/tmp9a84st7z']
[2026-07-21T13:40:43.815+0000] {standard_task_runner.py:91} INFO - Job 12: Subtask transform_weather
[2026-07-21T13:40:43.819+0000] {logging_mixin.py:188} WARNING - /home/***/.local/lib/python3.12/site-packages/***/task/task_runner/standard_task_runner.py:61 DeprecationWarning: This process (pid=3435) is multi-threaded, use of fork() may lead to deadlocks in the child.
[2026-07-21T13:40:43.822+0000] {standard_task_runner.py:63} INFO - Started process 3445 to run task
[2026-07-21T13:40:43.931+0000] {task_command.py:426} INFO - Running <TaskInstance: weather_delay_risk_pipeline.transform_weather scheduled__2026-07-20T06:00:00+00:00 [running]> on host 77ea538c3414
[2026-07-21T13:40:44.091+0000] {taskinstance.py:2648} INFO - Exporting env vars: AIRFLOW_CTX_DAG_OWNER='taha' AIRFLOW_CTX_DAG_ID='weather_delay_risk_pipeline' AIRFLOW_CTX_TASK_ID='transform_weather' AIRFLOW_CTX_EXECUTION_DATE='2026-07-20T06:00:00+00:00' AIRFLOW_CTX_TRY_NUMBER='1' AIRFLOW_CTX_DAG_RUN_ID='scheduled__2026-07-20T06:00:00+00:00'
[2026-07-21T13:40:44.094+0000] {taskinstance.py:430} INFO - ::endgroup::
[2026-07-21T13:40:44.342+0000] {logging_mixin.py:188} INFO - 🔄 Transforming weather data...
[2026-07-21T13:40:45.150+0000] {logging_mixin.py:188} INFO -    JFK: 48 rows
[2026-07-21T13:40:45.284+0000] {logging_mixin.py:188} INFO -    LAX: 48 rows
[2026-07-21T13:40:45.430+0000] {logging_mixin.py:188} INFO -    ORD: 48 rows
[2026-07-21T13:40:46.436+0000] {logging_mixin.py:188} INFO -    ATL: 48 rows
[2026-07-21T13:40:46.682+0000] {logging_mixin.py:188} INFO -    DFW: 48 rows
[2026-07-21T13:40:47.821+0000] {logging_mixin.py:188} INFO - ✅ Weather transformed: 240 rows
[2026-07-21T13:40:47.823+0000] {python.py:237} INFO - Done. Returned value was: None
[2026-07-21T13:40:47.825+0000] {taskinstance.py:441} INFO - ::group::Post task execution logs
[2026-07-21T13:40:47.842+0000] {taskinstance.py:1206} INFO - Marking task as SUCCESS. dag_id=weather_delay_risk_pipeline, task_id=transform_weather, run_id=scheduled__2026-07-20T06:00:00+00:00, execution_date=20260720T060000, start_date=20260721T134043, end_date=20260721T134047
[2026-07-21T13:40:47.905+0000] {local_task_job_runner.py:240} INFO - Task exited with return code 0
[2026-07-21T13:40:47.950+0000] {taskinstance.py:3498} INFO - 0 downstream tasks scheduled from follow-on schedule check
[2026-07-21T13:40:47.954+0000] {local_task_job_runner.py:222} INFO - ::endgroup::
