[2026-07-21T13:39:51.095+0000] {local_task_job_runner.py:120} INFO - ::group::Pre task execution logs
[2026-07-21T13:39:51.816+0000] {taskinstance.py:2076} INFO - Dependencies all met for dep_context=non-requeueable deps ti=<TaskInstance: weather_delay_risk_pipeline.fetch_weather scheduled__2026-07-20T06:00:00+00:00 [queued]>
[2026-07-21T13:39:51.835+0000] {taskinstance.py:2076} INFO - Dependencies all met for dep_context=requeueable deps ti=<TaskInstance: weather_delay_risk_pipeline.fetch_weather scheduled__2026-07-20T06:00:00+00:00 [queued]>
[2026-07-21T13:39:51.845+0000] {taskinstance.py:2306} INFO - Starting attempt 1 of 3
[2026-07-21T13:39:51.940+0000] {taskinstance.py:2330} INFO - Executing <Task(PythonOperator): fetch_weather> on 2026-07-20 06:00:00+00:00
[2026-07-21T13:39:52.252+0000] {standard_task_runner.py:90} INFO - Running: ['***', 'tasks', 'run', 'weather_delay_risk_pipeline', 'fetch_weather', 'scheduled__2026-07-20T06:00:00+00:00', '--job-id', '9', '--raw', '--subdir', 'DAGS_FOLDER/pipeline_dag.py', '--cfg-path', '/tmp/tmp6u4wf0nf']
[2026-07-21T13:39:52.265+0000] {standard_task_runner.py:91} INFO - Job 9: Subtask fetch_weather
[2026-07-21T13:39:52.287+0000] {logging_mixin.py:188} WARNING - /home/***/.local/lib/python3.12/site-packages/***/task/task_runner/standard_task_runner.py:61 DeprecationWarning: This process (pid=3367) is multi-threaded, use of fork() may lead to deadlocks in the child.
[2026-07-21T13:39:52.292+0000] {standard_task_runner.py:63} INFO - Started process 3384 to run task
[2026-07-21T13:39:52.638+0000] {task_command.py:426} INFO - Running <TaskInstance: weather_delay_risk_pipeline.fetch_weather scheduled__2026-07-20T06:00:00+00:00 [running]> on host 77ea538c3414
[2026-07-21T13:39:53.062+0000] {taskinstance.py:2648} INFO - Exporting env vars: AIRFLOW_CTX_DAG_OWNER='taha' AIRFLOW_CTX_DAG_ID='weather_delay_risk_pipeline' AIRFLOW_CTX_TASK_ID='fetch_weather' AIRFLOW_CTX_EXECUTION_DATE='2026-07-20T06:00:00+00:00' AIRFLOW_CTX_TRY_NUMBER='1' AIRFLOW_CTX_DAG_RUN_ID='scheduled__2026-07-20T06:00:00+00:00'
[2026-07-21T13:39:53.065+0000] {taskinstance.py:430} INFO - ::endgroup::
[2026-07-21T13:40:00.614+0000] {logging_mixin.py:188} INFO - 🌤️ Fetching weather data...
[2026-07-21T13:40:04.157+0000] {logging_mixin.py:188} INFO - ✅ Saved: data/raw/weather/2026-07-21/JFK.json
[2026-07-21T13:40:04.848+0000] {logging_mixin.py:188} INFO - ✅ Saved: data/raw/weather/2026-07-21/LAX.json
[2026-07-21T13:40:05.653+0000] {logging_mixin.py:188} INFO - ✅ Saved: data/raw/weather/2026-07-21/ORD.json
[2026-07-21T13:40:06.361+0000] {logging_mixin.py:188} INFO - ✅ Saved: data/raw/weather/2026-07-21/ATL.json
[2026-07-21T13:40:07.428+0000] {logging_mixin.py:188} INFO - ✅ Saved: data/raw/weather/2026-07-21/DFW.json
[2026-07-21T13:40:07.430+0000] {logging_mixin.py:188} INFO - ✅ Weather fetched
[2026-07-21T13:40:07.431+0000] {python.py:237} INFO - Done. Returned value was: None
[2026-07-21T13:40:07.433+0000] {taskinstance.py:441} INFO - ::group::Post task execution logs
[2026-07-21T13:40:07.507+0000] {taskinstance.py:1206} INFO - Marking task as SUCCESS. dag_id=weather_delay_risk_pipeline, task_id=fetch_weather, run_id=scheduled__2026-07-20T06:00:00+00:00, execution_date=20260720T060000, start_date=20260721T133951, end_date=20260721T134007
[2026-07-21T13:40:07.661+0000] {local_task_job_runner.py:240} INFO - Task exited with return code 0
[2026-07-21T13:40:07.770+0000] {taskinstance.py:3498} INFO - 1 downstream tasks scheduled from follow-on schedule check
[2026-07-21T13:40:07.782+0000] {local_task_job_runner.py:222} INFO - ::endgroup::
