[2026-07-20T14:40:20.307+0000] {local_task_job_runner.py:120} INFO - ::group::Pre task execution logs
[2026-07-20T14:40:20.393+0000] {taskinstance.py:2076} INFO - Dependencies all met for dep_context=non-requeueable deps ti=<TaskInstance: weather_delay_risk_pipeline.compute_risk_score scheduled__2026-07-19T06:00:00+00:00 [queued]>
[2026-07-20T14:40:20.415+0000] {taskinstance.py:2076} INFO - Dependencies all met for dep_context=requeueable deps ti=<TaskInstance: weather_delay_risk_pipeline.compute_risk_score scheduled__2026-07-19T06:00:00+00:00 [queued]>
[2026-07-20T14:40:20.417+0000] {taskinstance.py:2306} INFO - Starting attempt 1 of 3
[2026-07-20T14:40:20.447+0000] {taskinstance.py:2330} INFO - Executing <Task(PythonOperator): compute_risk_score> on 2026-07-19 06:00:00+00:00
[2026-07-20T14:40:20.464+0000] {standard_task_runner.py:90} INFO - Running: ['***', 'tasks', 'run', 'weather_delay_risk_pipeline', 'compute_risk_score', 'scheduled__2026-07-19T06:00:00+00:00', '--job-id', '7', '--raw', '--subdir', 'DAGS_FOLDER/pipeline_dag.py', '--cfg-path', '/tmp/tmp0n77ks_6']
[2026-07-20T14:40:20.470+0000] {standard_task_runner.py:91} INFO - Job 7: Subtask compute_risk_score
[2026-07-20T14:40:20.472+0000] {logging_mixin.py:188} WARNING - /home/***/.local/lib/python3.12/site-packages/***/task/task_runner/standard_task_runner.py:61 DeprecationWarning: This process (pid=241) is multi-threaded, use of fork() may lead to deadlocks in the child.
[2026-07-20T14:40:20.473+0000] {standard_task_runner.py:63} INFO - Started process 246 to run task
[2026-07-20T14:40:20.581+0000] {task_command.py:426} INFO - Running <TaskInstance: weather_delay_risk_pipeline.compute_risk_score scheduled__2026-07-19T06:00:00+00:00 [running]> on host 77ea538c3414
[2026-07-20T14:40:20.720+0000] {taskinstance.py:2648} INFO - Exporting env vars: AIRFLOW_CTX_DAG_OWNER='taha' AIRFLOW_CTX_DAG_ID='weather_delay_risk_pipeline' AIRFLOW_CTX_TASK_ID='compute_risk_score' AIRFLOW_CTX_EXECUTION_DATE='2026-07-19T06:00:00+00:00' AIRFLOW_CTX_TRY_NUMBER='1' AIRFLOW_CTX_DAG_RUN_ID='scheduled__2026-07-19T06:00:00+00:00'
[2026-07-20T14:40:20.723+0000] {taskinstance.py:430} INFO - ::endgroup::
[2026-07-20T14:40:20.983+0000] {logging_mixin.py:188} INFO - 🧮 Computing risk scores...
[2026-07-20T14:40:22.720+0000] {logging_mixin.py:188} INFO - ✅ Risk scores saved: 10 rows
[2026-07-20T14:40:22.728+0000] {python.py:237} INFO - Done. Returned value was: None
[2026-07-20T14:40:22.730+0000] {taskinstance.py:441} INFO - ::group::Post task execution logs
[2026-07-20T14:40:22.753+0000] {taskinstance.py:1206} INFO - Marking task as SUCCESS. dag_id=weather_delay_risk_pipeline, task_id=compute_risk_score, run_id=scheduled__2026-07-19T06:00:00+00:00, execution_date=20260719T060000, start_date=20260720T144020, end_date=20260720T144022
[2026-07-20T14:40:22.825+0000] {local_task_job_runner.py:240} INFO - Task exited with return code 0
[2026-07-20T14:40:22.873+0000] {taskinstance.py:3498} INFO - 0 downstream tasks scheduled from follow-on schedule check
[2026-07-20T14:40:22.876+0000] {local_task_job_runner.py:222} INFO - ::endgroup::
