[2026-07-20T14:38:49.770+0000] {local_task_job_runner.py:120} INFO - ::group::Pre task execution logs
[2026-07-20T14:38:49.937+0000] {taskinstance.py:2076} INFO - Dependencies all met for dep_context=non-requeueable deps ti=<TaskInstance: weather_delay_risk_pipeline.fetch_weather scheduled__2026-07-19T06:00:00+00:00 [queued]>
[2026-07-20T14:38:49.963+0000] {taskinstance.py:2076} INFO - Dependencies all met for dep_context=requeueable deps ti=<TaskInstance: weather_delay_risk_pipeline.fetch_weather scheduled__2026-07-19T06:00:00+00:00 [queued]>
[2026-07-20T14:38:49.964+0000] {taskinstance.py:2306} INFO - Starting attempt 1 of 3
[2026-07-20T14:38:50.007+0000] {taskinstance.py:2330} INFO - Executing <Task(PythonOperator): fetch_weather> on 2026-07-19 06:00:00+00:00
[2026-07-20T14:38:50.092+0000] {standard_task_runner.py:90} INFO - Running: ['***', 'tasks', 'run', 'weather_delay_risk_pipeline', 'fetch_weather', 'scheduled__2026-07-19T06:00:00+00:00', '--job-id', '2', '--raw', '--subdir', 'DAGS_FOLDER/pipeline_dag.py', '--cfg-path', '/tmp/tmpzal0xo6d']
[2026-07-20T14:38:50.116+0000] {logging_mixin.py:188} WARNING - /home/***/.local/lib/python3.12/site-packages/***/task/task_runner/standard_task_runner.py:61 DeprecationWarning: This process (pid=189) is multi-threaded, use of fork() may lead to deadlocks in the child.
[2026-07-20T14:38:50.122+0000] {standard_task_runner.py:91} INFO - Job 2: Subtask fetch_weather
[2026-07-20T14:38:50.123+0000] {standard_task_runner.py:63} INFO - Started process 193 to run task
[2026-07-20T14:38:50.853+0000] {task_command.py:426} INFO - Running <TaskInstance: weather_delay_risk_pipeline.fetch_weather scheduled__2026-07-19T06:00:00+00:00 [running]> on host 77ea538c3414
[2026-07-20T14:38:51.647+0000] {taskinstance.py:2648} INFO - Exporting env vars: AIRFLOW_CTX_DAG_OWNER='taha' AIRFLOW_CTX_DAG_ID='weather_delay_risk_pipeline' AIRFLOW_CTX_TASK_ID='fetch_weather' AIRFLOW_CTX_EXECUTION_DATE='2026-07-19T06:00:00+00:00' AIRFLOW_CTX_TRY_NUMBER='1' AIRFLOW_CTX_DAG_RUN_ID='scheduled__2026-07-19T06:00:00+00:00'
[2026-07-20T14:38:51.657+0000] {taskinstance.py:430} INFO - ::endgroup::
[2026-07-20T14:38:51.851+0000] {logging_mixin.py:188} INFO - 🌤️ Fetching weather data...
[2026-07-20T14:38:52.485+0000] {logging_mixin.py:188} INFO - ✅ Saved: data/raw/weather/2026-07-20/JFK.json
[2026-07-20T14:38:52.947+0000] {logging_mixin.py:188} INFO - ✅ Saved: data/raw/weather/2026-07-20/LAX.json
[2026-07-20T14:38:53.444+0000] {logging_mixin.py:188} INFO - ✅ Saved: data/raw/weather/2026-07-20/ORD.json
[2026-07-20T14:38:53.956+0000] {logging_mixin.py:188} INFO - ✅ Saved: data/raw/weather/2026-07-20/ATL.json
[2026-07-20T14:38:54.354+0000] {logging_mixin.py:188} INFO - ✅ Saved: data/raw/weather/2026-07-20/DFW.json
[2026-07-20T14:38:54.355+0000] {logging_mixin.py:188} INFO - ✅ Weather fetched
[2026-07-20T14:38:54.356+0000] {python.py:237} INFO - Done. Returned value was: None
[2026-07-20T14:38:54.357+0000] {taskinstance.py:441} INFO - ::group::Post task execution logs
[2026-07-20T14:38:54.369+0000] {taskinstance.py:1206} INFO - Marking task as SUCCESS. dag_id=weather_delay_risk_pipeline, task_id=fetch_weather, run_id=scheduled__2026-07-19T06:00:00+00:00, execution_date=20260719T060000, start_date=20260720T143849, end_date=20260720T143854
[2026-07-20T14:38:54.418+0000] {local_task_job_runner.py:240} INFO - Task exited with return code 0
[2026-07-20T14:38:54.482+0000] {taskinstance.py:3498} INFO - 0 downstream tasks scheduled from follow-on schedule check
[2026-07-20T14:38:54.487+0000] {local_task_job_runner.py:222} INFO - ::endgroup::
