[2026-07-20T14:39:04.103+0000] {local_task_job_runner.py:120} INFO - ::group::Pre task execution logs
[2026-07-20T14:39:04.139+0000] {taskinstance.py:2076} INFO - Dependencies all met for dep_context=non-requeueable deps ti=<TaskInstance: weather_delay_risk_pipeline.upload_to_s3 scheduled__2026-07-19T06:00:00+00:00 [queued]>
[2026-07-20T14:39:04.151+0000] {taskinstance.py:2076} INFO - Dependencies all met for dep_context=requeueable deps ti=<TaskInstance: weather_delay_risk_pipeline.upload_to_s3 scheduled__2026-07-19T06:00:00+00:00 [queued]>
[2026-07-20T14:39:04.153+0000] {taskinstance.py:2306} INFO - Starting attempt 1 of 3
[2026-07-20T14:39:04.172+0000] {taskinstance.py:2330} INFO - Executing <Task(PythonOperator): upload_to_s3> on 2026-07-19 06:00:00+00:00
[2026-07-20T14:39:04.186+0000] {standard_task_runner.py:90} INFO - Running: ['***', 'tasks', 'run', 'weather_delay_risk_pipeline', 'upload_to_s3', 'scheduled__2026-07-19T06:00:00+00:00', '--job-id', '4', '--raw', '--subdir', 'DAGS_FOLDER/pipeline_dag.py', '--cfg-path', '/tmp/tmpossrh6ms']
[2026-07-20T14:39:04.190+0000] {standard_task_runner.py:91} INFO - Job 4: Subtask upload_to_s3
[2026-07-20T14:39:04.190+0000] {logging_mixin.py:188} WARNING - /home/***/.local/lib/python3.12/site-packages/***/task/task_runner/standard_task_runner.py:61 DeprecationWarning: This process (pid=194) is multi-threaded, use of fork() may lead to deadlocks in the child.
[2026-07-20T14:39:04.191+0000] {standard_task_runner.py:63} INFO - Started process 196 to run task
[2026-07-20T14:39:04.287+0000] {task_command.py:426} INFO - Running <TaskInstance: weather_delay_risk_pipeline.upload_to_s3 scheduled__2026-07-19T06:00:00+00:00 [running]> on host 77ea538c3414
[2026-07-20T14:39:04.383+0000] {taskinstance.py:2648} INFO - Exporting env vars: AIRFLOW_CTX_DAG_OWNER='taha' AIRFLOW_CTX_DAG_ID='weather_delay_risk_pipeline' AIRFLOW_CTX_TASK_ID='upload_to_s3' AIRFLOW_CTX_EXECUTION_DATE='2026-07-19T06:00:00+00:00' AIRFLOW_CTX_TRY_NUMBER='1' AIRFLOW_CTX_DAG_RUN_ID='scheduled__2026-07-19T06:00:00+00:00'
[2026-07-20T14:39:04.384+0000] {taskinstance.py:430} INFO - ::endgroup::
[2026-07-20T14:39:04.426+0000] {logging_mixin.py:188} INFO - 🚀 Uploading raw data to S3...
[2026-07-20T14:39:04.740+0000] {logging_mixin.py:188} INFO - 🚀 Uploading raw data to s3://tahabekali-weather-delay/
[2026-07-20T14:39:05.372+0000] {logging_mixin.py:188} INFO - ✅ Uploaded: raw/weather/2026-07-20/DFW.json
[2026-07-20T14:39:05.621+0000] {logging_mixin.py:188} INFO - ✅ Uploaded: raw/weather/2026-07-20/ORD.json
[2026-07-20T14:39:05.876+0000] {logging_mixin.py:188} INFO - ✅ Uploaded: raw/weather/2026-07-20/JFK.json
[2026-07-20T14:39:06.121+0000] {logging_mixin.py:188} INFO - ✅ Uploaded: raw/weather/2026-07-20/ATL.json
[2026-07-20T14:39:06.368+0000] {logging_mixin.py:188} INFO - ✅ Uploaded: raw/weather/2026-07-20/LAX.json
[2026-07-20T14:39:06.716+0000] {logging_mixin.py:188} INFO - ✅ Uploaded: raw/flights/2026-07-20/DFW.json
[2026-07-20T14:39:07.066+0000] {logging_mixin.py:188} INFO - ✅ Uploaded: raw/flights/2026-07-20/ORD.json
[2026-07-20T14:39:07.416+0000] {logging_mixin.py:188} INFO - ✅ Uploaded: raw/flights/2026-07-20/JFK.json
[2026-07-20T14:39:07.771+0000] {logging_mixin.py:188} INFO - ✅ Uploaded: raw/flights/2026-07-20/ATL.json
[2026-07-20T14:39:08.136+0000] {logging_mixin.py:188} INFO - ✅ Uploaded: raw/flights/2026-07-20/LAX.json
[2026-07-20T14:39:08.137+0000] {logging_mixin.py:188} INFO - 
 All raw data uploaded to S3!
[2026-07-20T14:39:08.140+0000] {logging_mixin.py:188} INFO - ✅ Upload done
[2026-07-20T14:39:08.141+0000] {python.py:237} INFO - Done. Returned value was: None
[2026-07-20T14:39:08.142+0000] {taskinstance.py:441} INFO - ::group::Post task execution logs
[2026-07-20T14:39:08.158+0000] {taskinstance.py:1206} INFO - Marking task as SUCCESS. dag_id=weather_delay_risk_pipeline, task_id=upload_to_s3, run_id=scheduled__2026-07-19T06:00:00+00:00, execution_date=20260719T060000, start_date=20260720T143904, end_date=20260720T143908
[2026-07-20T14:39:08.200+0000] {local_task_job_runner.py:240} INFO - Task exited with return code 0
[2026-07-20T14:39:08.244+0000] {taskinstance.py:3498} INFO - 2 downstream tasks scheduled from follow-on schedule check
[2026-07-20T14:39:08.247+0000] {local_task_job_runner.py:222} INFO - ::endgroup::
