[2026-07-21T13:41:57.553+0000] {local_task_job_runner.py:120} INFO - ::group::Pre task execution logs
[2026-07-21T13:41:57.601+0000] {taskinstance.py:2076} INFO - Dependencies all met for dep_context=non-requeueable deps ti=<TaskInstance: weather_delay_risk_pipeline.compute_risk_score scheduled__2026-07-20T06:00:00+00:00 [queued]>
[2026-07-21T13:41:57.612+0000] {taskinstance.py:2076} INFO - Dependencies all met for dep_context=requeueable deps ti=<TaskInstance: weather_delay_risk_pipeline.compute_risk_score scheduled__2026-07-20T06:00:00+00:00 [queued]>
[2026-07-21T13:41:57.613+0000] {taskinstance.py:2306} INFO - Starting attempt 1 of 3
[2026-07-21T13:41:57.629+0000] {taskinstance.py:2330} INFO - Executing <Task(PythonOperator): compute_risk_score> on 2026-07-20 06:00:00+00:00
[2026-07-21T13:41:57.643+0000] {standard_task_runner.py:90} INFO - Running: ['***', 'tasks', 'run', 'weather_delay_risk_pipeline', 'compute_risk_score', 'scheduled__2026-07-20T06:00:00+00:00', '--job-id', '13', '--raw', '--subdir', 'DAGS_FOLDER/pipeline_dag.py', '--cfg-path', '/tmp/tmpwifyn1sd']
[2026-07-21T13:41:57.648+0000] {standard_task_runner.py:91} INFO - Job 13: Subtask compute_risk_score
[2026-07-21T13:41:57.653+0000] {logging_mixin.py:188} WARNING - /home/***/.local/lib/python3.12/site-packages/***/task/task_runner/standard_task_runner.py:61 DeprecationWarning: This process (pid=3463) is multi-threaded, use of fork() may lead to deadlocks in the child.
[2026-07-21T13:41:57.654+0000] {standard_task_runner.py:63} INFO - Started process 3465 to run task
[2026-07-21T13:41:57.729+0000] {task_command.py:426} INFO - Running <TaskInstance: weather_delay_risk_pipeline.compute_risk_score scheduled__2026-07-20T06:00:00+00:00 [running]> on host 77ea538c3414
[2026-07-21T13:41:57.842+0000] {taskinstance.py:2648} INFO - Exporting env vars: AIRFLOW_CTX_DAG_OWNER='taha' AIRFLOW_CTX_DAG_ID='weather_delay_risk_pipeline' AIRFLOW_CTX_TASK_ID='compute_risk_score' AIRFLOW_CTX_EXECUTION_DATE='2026-07-20T06:00:00+00:00' AIRFLOW_CTX_TRY_NUMBER='1' AIRFLOW_CTX_DAG_RUN_ID='scheduled__2026-07-20T06:00:00+00:00'
[2026-07-21T13:41:57.844+0000] {taskinstance.py:430} INFO - ::endgroup::
[2026-07-21T13:41:58.030+0000] {logging_mixin.py:188} INFO - 🧮 Computing risk scores...
[2026-07-21T13:42:00.370+0000] {logging_mixin.py:188} INFO - ✅ Risk scores saved: 10 rows
[2026-07-21T13:42:00.374+0000] {python.py:237} INFO - Done. Returned value was: None
[2026-07-21T13:42:00.376+0000] {taskinstance.py:441} INFO - ::group::Post task execution logs
[2026-07-21T13:42:00.410+0000] {taskinstance.py:1206} INFO - Marking task as SUCCESS. dag_id=weather_delay_risk_pipeline, task_id=compute_risk_score, run_id=scheduled__2026-07-20T06:00:00+00:00, execution_date=20260720T060000, start_date=20260721T134157, end_date=20260721T134200
[2026-07-21T13:42:00.487+0000] {local_task_job_runner.py:240} INFO - Task exited with return code 0
[2026-07-21T13:42:00.506+0000] {taskinstance.py:3498} INFO - 0 downstream tasks scheduled from follow-on schedule check
[2026-07-21T13:42:00.510+0000] {local_task_job_runner.py:222} INFO - ::endgroup::
