[2026-07-20T14:39:10.669+0000] {local_task_job_runner.py:120} INFO - ::group::Pre task execution logs
[2026-07-20T14:39:10.709+0000] {taskinstance.py:2076} INFO - Dependencies all met for dep_context=non-requeueable deps ti=<TaskInstance: weather_delay_risk_pipeline.transform_weather scheduled__2026-07-19T06:00:00+00:00 [queued]>
[2026-07-20T14:39:10.721+0000] {taskinstance.py:2076} INFO - Dependencies all met for dep_context=requeueable deps ti=<TaskInstance: weather_delay_risk_pipeline.transform_weather scheduled__2026-07-19T06:00:00+00:00 [queued]>
[2026-07-20T14:39:10.722+0000] {taskinstance.py:2306} INFO - Starting attempt 1 of 3
[2026-07-20T14:39:10.746+0000] {taskinstance.py:2330} INFO - Executing <Task(PythonOperator): transform_weather> on 2026-07-19 06:00:00+00:00
[2026-07-20T14:39:10.762+0000] {standard_task_runner.py:90} INFO - Running: ['***', 'tasks', 'run', 'weather_delay_risk_pipeline', 'transform_weather', 'scheduled__2026-07-19T06:00:00+00:00', '--job-id', '6', '--raw', '--subdir', 'DAGS_FOLDER/pipeline_dag.py', '--cfg-path', '/tmp/tmp_r6vl880']
[2026-07-20T14:39:10.769+0000] {standard_task_runner.py:91} INFO - Job 6: Subtask transform_weather
[2026-07-20T14:39:10.769+0000] {logging_mixin.py:188} WARNING - /home/***/.local/lib/python3.12/site-packages/***/task/task_runner/standard_task_runner.py:61 DeprecationWarning: This process (pid=218) is multi-threaded, use of fork() may lead to deadlocks in the child.
[2026-07-20T14:39:10.771+0000] {standard_task_runner.py:63} INFO - Started process 222 to run task
[2026-07-20T14:39:10.887+0000] {task_command.py:426} INFO - Running <TaskInstance: weather_delay_risk_pipeline.transform_weather scheduled__2026-07-19T06:00:00+00:00 [running]> on host 77ea538c3414
[2026-07-20T14:39:11.159+0000] {taskinstance.py:2648} INFO - Exporting env vars: AIRFLOW_CTX_DAG_OWNER='taha' AIRFLOW_CTX_DAG_ID='weather_delay_risk_pipeline' AIRFLOW_CTX_TASK_ID='transform_weather' AIRFLOW_CTX_EXECUTION_DATE='2026-07-19T06:00:00+00:00' AIRFLOW_CTX_TRY_NUMBER='1' AIRFLOW_CTX_DAG_RUN_ID='scheduled__2026-07-19T06:00:00+00:00'
[2026-07-20T14:39:11.163+0000] {taskinstance.py:430} INFO - ::endgroup::
[2026-07-20T14:39:12.053+0000] {logging_mixin.py:188} INFO - 🔄 Transforming weather data...
[2026-07-20T14:39:13.055+0000] {logging_mixin.py:188} INFO -    JFK: 48 rows
[2026-07-20T14:39:13.203+0000] {logging_mixin.py:188} INFO -    LAX: 48 rows
[2026-07-20T14:39:13.336+0000] {logging_mixin.py:188} INFO -    ORD: 48 rows
[2026-07-20T14:39:13.541+0000] {logging_mixin.py:188} INFO -    ATL: 48 rows
[2026-07-20T14:39:13.865+0000] {logging_mixin.py:188} INFO -    DFW: 48 rows
[2026-07-20T14:39:15.087+0000] {logging_mixin.py:188} INFO - ✅ Weather transformed: 240 rows
[2026-07-20T14:39:15.105+0000] {python.py:237} INFO - Done. Returned value was: None
[2026-07-20T14:39:15.119+0000] {taskinstance.py:441} INFO - ::group::Post task execution logs
[2026-07-20T14:39:15.183+0000] {taskinstance.py:1206} INFO - Marking task as SUCCESS. dag_id=weather_delay_risk_pipeline, task_id=transform_weather, run_id=scheduled__2026-07-19T06:00:00+00:00, execution_date=20260719T060000, start_date=20260720T143910, end_date=20260720T143915
[2026-07-20T14:39:15.256+0000] {local_task_job_runner.py:240} INFO - Task exited with return code 0
[2026-07-20T14:39:15.325+0000] {taskinstance.py:3498} INFO - 0 downstream tasks scheduled from follow-on schedule check
[2026-07-20T14:39:15.332+0000] {local_task_job_runner.py:222} INFO - ::endgroup::
