[2026-07-20T14:38:49.826+0000] {local_task_job_runner.py:120} INFO - ::group::Pre task execution logs
[2026-07-20T14:38:49.954+0000] {taskinstance.py:2076} INFO - Dependencies all met for dep_context=non-requeueable deps ti=<TaskInstance: weather_delay_risk_pipeline.fetch_flights scheduled__2026-07-19T06:00:00+00:00 [queued]>
[2026-07-20T14:38:49.973+0000] {taskinstance.py:2076} INFO - Dependencies all met for dep_context=requeueable deps ti=<TaskInstance: weather_delay_risk_pipeline.fetch_flights scheduled__2026-07-19T06:00:00+00:00 [queued]>
[2026-07-20T14:38:49.974+0000] {taskinstance.py:2306} INFO - Starting attempt 1 of 3
[2026-07-20T14:38:50.019+0000] {taskinstance.py:2330} INFO - Executing <Task(PythonOperator): fetch_flights> on 2026-07-19 06:00:00+00:00
[2026-07-20T14:38:50.039+0000] {standard_task_runner.py:90} INFO - Running: ['***', 'tasks', 'run', 'weather_delay_risk_pipeline', 'fetch_flights', 'scheduled__2026-07-19T06:00:00+00:00', '--job-id', '3', '--raw', '--subdir', 'DAGS_FOLDER/pipeline_dag.py', '--cfg-path', '/tmp/tmpn59fdmau']
[2026-07-20T14:38:50.086+0000] {logging_mixin.py:188} WARNING - /home/***/.local/lib/python3.12/site-packages/***/task/task_runner/standard_task_runner.py:61 DeprecationWarning: This process (pid=188) is multi-threaded, use of fork() may lead to deadlocks in the child.
[2026-07-20T14:38:50.097+0000] {standard_task_runner.py:91} INFO - Job 3: Subtask fetch_flights
[2026-07-20T14:38:50.099+0000] {standard_task_runner.py:63} INFO - Started process 192 to run task
[2026-07-20T14:38:50.811+0000] {task_command.py:426} INFO - Running <TaskInstance: weather_delay_risk_pipeline.fetch_flights scheduled__2026-07-19T06:00:00+00:00 [running]> on host 77ea538c3414
[2026-07-20T14:38:51.452+0000] {taskinstance.py:2648} INFO - Exporting env vars: AIRFLOW_CTX_DAG_OWNER='taha' AIRFLOW_CTX_DAG_ID='weather_delay_risk_pipeline' AIRFLOW_CTX_TASK_ID='fetch_flights' AIRFLOW_CTX_EXECUTION_DATE='2026-07-19T06:00:00+00:00' AIRFLOW_CTX_TRY_NUMBER='1' AIRFLOW_CTX_DAG_RUN_ID='scheduled__2026-07-19T06:00:00+00:00'
[2026-07-20T14:38:51.455+0000] {taskinstance.py:430} INFO - ::endgroup::
[2026-07-20T14:38:51.725+0000] {logging_mixin.py:188} INFO - ✈️ Fetching flight data...
[2026-07-20T14:38:52.483+0000] {logging_mixin.py:188} INFO - ✅ Saved: data/raw/flights/2026-07-20/JFK.json
[2026-07-20T14:38:52.839+0000] {logging_mixin.py:188} INFO - ✅ Saved: data/raw/flights/2026-07-20/LAX.json
[2026-07-20T14:38:53.826+0000] {logging_mixin.py:188} INFO - ✅ Saved: data/raw/flights/2026-07-20/ORD.json
[2026-07-20T14:38:54.474+0000] {logging_mixin.py:188} INFO - ✅ Saved: data/raw/flights/2026-07-20/ATL.json
[2026-07-20T14:38:54.834+0000] {logging_mixin.py:188} INFO - ✅ Saved: data/raw/flights/2026-07-20/DFW.json
[2026-07-20T14:38:54.838+0000] {logging_mixin.py:188} INFO - ✅ Flights fetched
[2026-07-20T14:38:54.842+0000] {python.py:237} INFO - Done. Returned value was: None
[2026-07-20T14:38:54.852+0000] {taskinstance.py:441} INFO - ::group::Post task execution logs
[2026-07-20T14:38:54.893+0000] {taskinstance.py:1206} INFO - Marking task as SUCCESS. dag_id=weather_delay_risk_pipeline, task_id=fetch_flights, run_id=scheduled__2026-07-19T06:00:00+00:00, execution_date=20260719T060000, start_date=20260720T143849, end_date=20260720T143854
[2026-07-20T14:38:54.979+0000] {local_task_job_runner.py:240} INFO - Task exited with return code 0
[2026-07-20T14:38:55.039+0000] {taskinstance.py:3498} INFO - 1 downstream tasks scheduled from follow-on schedule check
[2026-07-20T14:38:55.043+0000] {local_task_job_runner.py:222} INFO - ::endgroup::
