[2026-07-21T13:40:15.009+0000] {local_task_job_runner.py:120} INFO - ::group::Pre task execution logs
[2026-07-21T13:40:15.058+0000] {taskinstance.py:2076} INFO - Dependencies all met for dep_context=non-requeueable deps ti=<TaskInstance: weather_delay_risk_pipeline.upload_to_s3 scheduled__2026-07-20T06:00:00+00:00 [queued]>
[2026-07-21T13:40:15.071+0000] {taskinstance.py:2076} INFO - Dependencies all met for dep_context=requeueable deps ti=<TaskInstance: weather_delay_risk_pipeline.upload_to_s3 scheduled__2026-07-20T06:00:00+00:00 [queued]>
[2026-07-21T13:40:15.077+0000] {taskinstance.py:2306} INFO - Starting attempt 1 of 3
[2026-07-21T13:40:15.098+0000] {taskinstance.py:2330} INFO - Executing <Task(PythonOperator): upload_to_s3> on 2026-07-20 06:00:00+00:00
[2026-07-21T13:40:15.111+0000] {logging_mixin.py:188} WARNING - /home/***/.local/lib/python3.12/site-packages/***/task/task_runner/standard_task_runner.py:61 DeprecationWarning: This process (pid=3391) is multi-threaded, use of fork() may lead to deadlocks in the child.
[2026-07-21T13:40:15.111+0000] {standard_task_runner.py:90} INFO - Running: ['***', 'tasks', 'run', 'weather_delay_risk_pipeline', 'upload_to_s3', 'scheduled__2026-07-20T06:00:00+00:00', '--job-id', '10', '--raw', '--subdir', 'DAGS_FOLDER/pipeline_dag.py', '--cfg-path', '/tmp/tmp34vio4ax']
[2026-07-21T13:40:15.115+0000] {standard_task_runner.py:63} INFO - Started process 3393 to run task
[2026-07-21T13:40:15.115+0000] {standard_task_runner.py:91} INFO - Job 10: Subtask upload_to_s3
[2026-07-21T13:40:15.321+0000] {task_command.py:426} INFO - Running <TaskInstance: weather_delay_risk_pipeline.upload_to_s3 scheduled__2026-07-20T06:00:00+00:00 [running]> on host 77ea538c3414
[2026-07-21T13:40:15.520+0000] {taskinstance.py:2648} INFO - Exporting env vars: AIRFLOW_CTX_DAG_OWNER='taha' AIRFLOW_CTX_DAG_ID='weather_delay_risk_pipeline' AIRFLOW_CTX_TASK_ID='upload_to_s3' AIRFLOW_CTX_EXECUTION_DATE='2026-07-20T06:00:00+00:00' AIRFLOW_CTX_TRY_NUMBER='1' AIRFLOW_CTX_DAG_RUN_ID='scheduled__2026-07-20T06:00:00+00:00'
[2026-07-21T13:40:15.524+0000] {taskinstance.py:430} INFO - ::endgroup::
[2026-07-21T13:40:15.600+0000] {logging_mixin.py:188} INFO - 🚀 Uploading raw data to S3...
[2026-07-21T13:40:16.247+0000] {logging_mixin.py:188} INFO - 🚀 Uploading raw data to s3://tahabekali-weather-delay/
[2026-07-21T13:40:17.256+0000] {logging_mixin.py:188} INFO - ✅ Uploaded: raw/weather/2026-07-20/DFW.json
[2026-07-21T13:40:17.501+0000] {logging_mixin.py:188} INFO - ✅ Uploaded: raw/weather/2026-07-20/ORD.json
[2026-07-21T13:40:17.843+0000] {logging_mixin.py:188} INFO - ✅ Uploaded: raw/weather/2026-07-20/JFK.json
[2026-07-21T13:40:18.150+0000] {logging_mixin.py:188} INFO - ✅ Uploaded: raw/weather/2026-07-20/ATL.json
[2026-07-21T13:40:18.524+0000] {logging_mixin.py:188} INFO - ✅ Uploaded: raw/weather/2026-07-20/LAX.json
[2026-07-21T13:40:18.765+0000] {logging_mixin.py:188} INFO - ✅ Uploaded: raw/weather/2026-07-21/DFW.json
[2026-07-21T13:40:18.996+0000] {logging_mixin.py:188} INFO - ✅ Uploaded: raw/weather/2026-07-21/ORD.json
[2026-07-21T13:40:19.226+0000] {logging_mixin.py:188} INFO - ✅ Uploaded: raw/weather/2026-07-21/JFK.json
[2026-07-21T13:40:19.457+0000] {logging_mixin.py:188} INFO - ✅ Uploaded: raw/weather/2026-07-21/ATL.json
[2026-07-21T13:40:19.700+0000] {logging_mixin.py:188} INFO - ✅ Uploaded: raw/weather/2026-07-21/LAX.json
[2026-07-21T13:40:20.071+0000] {logging_mixin.py:188} INFO - ✅ Uploaded: raw/flights/2026-07-20/DFW.json
[2026-07-21T13:40:20.423+0000] {logging_mixin.py:188} INFO - ✅ Uploaded: raw/flights/2026-07-20/ORD.json
[2026-07-21T13:40:20.763+0000] {logging_mixin.py:188} INFO - ✅ Uploaded: raw/flights/2026-07-20/JFK.json
[2026-07-21T13:40:21.949+0000] {logging_mixin.py:188} INFO - ✅ Uploaded: raw/flights/2026-07-20/ATL.json
[2026-07-21T13:40:24.435+0000] {logging_mixin.py:188} INFO - ✅ Uploaded: raw/flights/2026-07-20/LAX.json
[2026-07-21T13:40:25.061+0000] {logging_mixin.py:188} INFO - ✅ Uploaded: raw/flights/2026-07-21/DFW.json
[2026-07-21T13:40:25.546+0000] {logging_mixin.py:188} INFO - ✅ Uploaded: raw/flights/2026-07-21/ORD.json
[2026-07-21T13:40:25.952+0000] {logging_mixin.py:188} INFO - ✅ Uploaded: raw/flights/2026-07-21/JFK.json
[2026-07-21T13:40:26.967+0000] {logging_mixin.py:188} INFO - ✅ Uploaded: raw/flights/2026-07-21/ATL.json
[2026-07-21T13:40:27.435+0000] {logging_mixin.py:188} INFO - ✅ Uploaded: raw/flights/2026-07-21/LAX.json
[2026-07-21T13:40:27.438+0000] {logging_mixin.py:188} INFO - 
 All raw data uploaded to S3!
[2026-07-21T13:40:27.446+0000] {logging_mixin.py:188} INFO - ✅ Upload done
[2026-07-21T13:40:27.453+0000] {python.py:237} INFO - Done. Returned value was: None
[2026-07-21T13:40:27.558+0000] {taskinstance.py:441} INFO - ::group::Post task execution logs
[2026-07-21T13:40:28.023+0000] {taskinstance.py:1206} INFO - Marking task as SUCCESS. dag_id=weather_delay_risk_pipeline, task_id=upload_to_s3, run_id=scheduled__2026-07-20T06:00:00+00:00, execution_date=20260720T060000, start_date=20260721T134015, end_date=20260721T134028
[2026-07-21T13:40:28.571+0000] {local_task_job_runner.py:240} INFO - Task exited with return code 0
[2026-07-21T13:40:28.902+0000] {taskinstance.py:3498} INFO - 2 downstream tasks scheduled from follow-on schedule check
[2026-07-21T13:40:29.294+0000] {local_task_job_runner.py:222} INFO - ::endgroup::
